<?xml version="1.0" encoding="UTF-8"?>
<testsuite xmlns:xsi="http://www.w3.org/2001/XMLSchema-instance" xsi:noNamespaceSchemaLocation="https://maven.apache.org/surefire/maven-surefire-plugin/xsd/surefire-test-report.xsd" version="3.0.2" name="com.exercise.CalculatorTest" time="0.114" tests="2" errors="0" skipped="0" failures="0">
  <properties>
[...]
</properties>
  <testcase name="testMultiplication" classname="com.exercise.CalculatorTest" time="0.015">
    <system-out><![CDATA[Setup completed
Teardown completed
]]></system-out>
  </testcase>
  <testcase name="testAddition" classname="com.exercise.CalculatorTest" time="0.003">
    <system-out><![CDATA[Setup completed
Teardown completed
]]></system-out>
  </testcase>
</testsuite>